<?xml version="1.0" encoding="UTF-8"?>
<testsuites name="jest tests" tests="2" failures="0" time="6.748">
  <testsuite name="State tests helpers" errors="0" failures="0" skipped="0" timestamp="2020-09-16T19:13:33" time="5.811" tests="2">
    <testcase classname="State tests helpers Dummy test" name="State tests helpers Dummy test" time="0.003">
    </testcase>
    <testcase classname="SelectionState Selections can be made" name="SelectionState Selections can be made" time="0.122">
    </testcase>
  </testsuite>
</testsuites>