<?xml version="1.0" encoding="UTF-8"?>
<testsuites name="jest tests" tests="3" failures="0" time="5.238">
  <testsuite name="State tests helpers" errors="0" failures="0" skipped="0" timestamp="2020-07-28T07:48:09" time="4.577" tests="3">
    <testcase classname="State tests helpers Dummy test" name="State tests helpers Dummy test" time="0.003">
    </testcase>
    <testcase classname="LintelState Lintel can be enabled and disabled" name="LintelState Lintel can be enabled and disabled" time="0.076">
    </testcase>
    <testcase classname="LintelState Lintel can compute a locally unique number" name="LintelState Lintel can compute a locally unique number" time="0.039">
    </testcase>
  </testsuite>
</testsuites>