<?xml version="1.0" encoding="UTF-8"?>
<testsuites name="jest tests" tests="56" failures="0" time="9.753">
  <testsuite name="Components tests helpers" errors="0" failures="0" skipped="0" timestamp="2020-06-27T12:08:13" time="5.187" tests="8">
    <testcase classname="Components tests helpers Dummy test" name="Components tests helpers Dummy test" time="0.512">
    </testcase>
    <testcase classname="ConfigsComponent Component is created" name="ConfigsComponent Component is created" time="0.403">
    </testcase>
    <testcase classname="ConfigsComponent colorForFile" name="ConfigsComponent colorForFile" time="0.134">
    </testcase>
    <testcase classname="ConfigsComponent iconForFile" name="ConfigsComponent iconForFile" time="0.171">
    </testcase>
    <testcase classname="ConfigsComponent ngAfterViewChecked" name="ConfigsComponent ngAfterViewChecked" time="0.118">
    </testcase>
    <testcase classname="ConfigsComponent selectCategory" name="ConfigsComponent selectCategory" time="0.101">
    </testcase>
    <testcase classname="ConfigsComponent selectFileName" name="ConfigsComponent selectFileName" time="0.142">
    </testcase>
    <testcase classname="ConfigsComponent shortenFileName" name="ConfigsComponent shortenFileName" time="0.106">
    </testcase>
  </testsuite>
  <testsuite name="Components tests helpers" errors="0" failures="0" skipped="0" timestamp="2020-06-27T12:08:13" time="5.386" tests="8">
    <testcase classname="Components tests helpers Dummy test" name="Components tests helpers Dummy test" time="0.422">
    </testcase>
    <testcase classname="RulesComponent Component is created" name="RulesComponent Component is created" time="0.442">
    </testcase>
    <testcase classname="RulesComponent canExportRule - in config" name="RulesComponent canExportRule - in config" time="0.224">
    </testcase>
    <testcase classname="RulesComponent canExportRule - in extension" name="RulesComponent canExportRule - in extension" time="0.121">
    </testcase>
    <testcase classname="RulesComponent execute deletes rule" name="RulesComponent execute deletes rule" time="0.123">
    </testcase>
    <testcase classname="RulesComponent execute exports rule" name="RulesComponent execute exports rule" time="0.138">
    </testcase>
    <testcase classname="RulesComponent isRuleDefined" name="RulesComponent isRuleDefined" time="0.116">
    </testcase>
    <testcase classname="RulesComponent trackByRule" name="RulesComponent trackByRule" time="0.162">
    </testcase>
  </testsuite>
  <testsuite name="Components tests helpers" errors="0" failures="0" skipped="0" timestamp="2020-06-27T12:08:13" time="5.377" tests="7">
    <testcase classname="Components tests helpers Dummy test" name="Components tests helpers Dummy test" time="0.507">
    </testcase>
    <testcase classname="RuleComponent Component is created" name="RuleComponent Component is created" time="0.46">
    </testcase>
    <testcase classname="RuleComponent breakable" name="RuleComponent breakable" time="0.157">
    </testcase>
    <testcase classname="RuleComponent editFile" name="RuleComponent editFile" time="0.091">
    </testcase>
    <testcase classname="RuleComponent formGroupControls" name="RuleComponent formGroupControls" time="0.1">
    </testcase>
    <testcase classname="RuleComponent ngOnInit" name="RuleComponent ngOnInit" time="0.171">
    </testcase>
    <testcase classname="RuleComponent openFile" name="RuleComponent openFile" time="0.171">
    </testcase>
  </testsuite>
  <testsuite name="Components tests helpers" errors="0" failures="0" skipped="0" timestamp="2020-06-27T12:08:13" time="5.725" tests="12">
    <testcase classname="Components tests helpers Dummy test" name="Components tests helpers Dummy test" time="0.397">
    </testcase>
    <testcase classname="GeneralComponent Component is created" name="GeneralComponent Component is created" time="0.372">
    </testcase>
    <testcase classname="GeneralComponent canDoSettings" name="GeneralComponent canDoSettings" time="0.202">
    </testcase>
    <testcase classname="GeneralComponent editFile" name="GeneralComponent editFile" time="0.118">
    </testcase>
    <testcase classname="GeneralComponent inheritedParserOptions" name="GeneralComponent inheritedParserOptions" time="0.111">
    </testcase>
    <testcase classname="GeneralComponent isConfigured" name="GeneralComponent isConfigured" time="0.078">
    </testcase>
    <testcase classname="GeneralComponent isInherited" name="GeneralComponent isInherited" time="0.128">
    </testcase>
    <testcase classname="GeneralComponent makeOptionsForMultiselector" name="GeneralComponent makeOptionsForMultiselector" time="0.074">
    </testcase>
    <testcase classname="GeneralComponent makeOptionsForSingleselector" name="GeneralComponent makeOptionsForSingleselector" time="0.151">
    </testcase>
    <testcase classname="GeneralComponent makeParserOptionsControls" name="GeneralComponent makeParserOptionsControls" time="0.199">
    </testcase>
    <testcase classname="GeneralComponent inheritedParserOptions" name="GeneralComponent inheritedParserOptions" time="0.083">
    </testcase>
    <testcase classname="GeneralComponent ngOnInit" name="GeneralComponent ngOnInit" time="0.076">
    </testcase>
  </testsuite>
  <testsuite name="LinkifyPipe" errors="0" failures="0" skipped="0" timestamp="2020-06-27T12:08:18" time="0.607" tests="3">
    <testcase classname="LinkifyPipe null returns default" name="LinkifyPipe null returns default" time="0.006">
    </testcase>
    <testcase classname="LinkifyPipe links are not transformed again" name="LinkifyPipe links are not transformed again" time="0.001">
    </testcase>
    <testcase classname="LinkifyPipe links are transformed" name="LinkifyPipe links are transformed" time="0.002">
    </testcase>
  </testsuite>
  <testsuite name="Components tests helpers" errors="0" failures="0" skipped="0" timestamp="2020-06-27T12:08:18" time="1.642" tests="5">
    <testcase classname="Components tests helpers Dummy test" name="Components tests helpers Dummy test" time="0.454">
    </testcase>
    <testcase classname="TabsComponent Component is created" name="TabsComponent Component is created" time="0.169">
    </testcase>
    <testcase classname="TabsComponent ngAfterViewChecked" name="TabsComponent ngAfterViewChecked" time="0.097">
    </testcase>
    <testcase classname="TabsComponent Plugin can be selected" name="TabsComponent Plugin can be selected" time="0.086">
    </testcase>
    <testcase classname="TabsComponent Plugins are partitioned into tabs and overflow dropdown" name="TabsComponent Plugins are partitioned into tabs and overflow dropdown" time="0.114">
    </testcase>
  </testsuite>
  <testsuite name="Components tests helpers" errors="0" failures="0" skipped="0" timestamp="2020-06-27T12:08:18" time="1.618" tests="5">
    <testcase classname="Components tests helpers Dummy test" name="Components tests helpers Dummy test" time="0.398">
    </testcase>
    <testcase classname="FilterComponent Component is created" name="FilterComponent Component is created" time="0.225">
    </testcase>
    <testcase classname="FilterComponent clearRuleNameFilter" name="FilterComponent clearRuleNameFilter" time="0.094">
    </testcase>
    <testcase classname="FilterComponent ngOnInit" name="FilterComponent ngOnInit" time="0.123">
    </testcase>
    <testcase classname="FilterComponent toggleInheritedRules" name="FilterComponent toggleInheritedRules" time="0.105">
    </testcase>
  </testsuite>
  <testsuite name="Components tests helpers" errors="0" failures="0" skipped="0" timestamp="2020-06-27T12:08:19" time="1.268" tests="2">
    <testcase classname="Components tests helpers Dummy test" name="Components tests helpers Dummy test" time="0.273">
    </testcase>
    <testcase classname="ScrollerComponent Component is created" name="ScrollerComponent Component is created" time="0.208">
    </testcase>
  </testsuite>
  <testsuite name="RootPageComponent" errors="0" failures="0" skipped="0" timestamp="2020-06-27T12:08:19" time="1.521" tests="3">
    <testcase classname="RootPageComponent App is created" name="RootPageComponent App is created" time="0.451">
    </testcase>
    <testcase classname="RootPageComponent editFile" name="RootPageComponent editFile" time="0.112">
    </testcase>
    <testcase classname="RootPageComponent scrollToTop" name="RootPageComponent scrollToTop" time="0.097">
    </testcase>
  </testsuite>
  <testsuite name="MarkedPipe" errors="0" failures="0" skipped="0" timestamp="2020-06-27T12:08:20" time="0.449" tests="2">
    <testcase classname="MarkedPipe null returns default" name="MarkedPipe null returns default" time="0.003">
    </testcase>
    <testcase classname="MarkedPipe links are transformed" name="MarkedPipe links are transformed" time="0.003">
    </testcase>
  </testsuite>
  <testsuite name="Components tests helpers" errors="0" failures="0" skipped="0" timestamp="2020-06-27T12:08:20" time="0.807" tests="1">
    <testcase classname="Components tests helpers Dummy test" name="Components tests helpers Dummy test" time="0.181">
    </testcase>
  </testsuite>
</testsuites>