<?xml version="1.0" encoding="UTF-8"?>
<testsuites name="jest tests" tests="137" failures="0" time="15.665">
  <testsuite name="Service tests helpers" errors="0" failures="0" skipped="0" timestamp="2020-06-28T10:31:29" time="1.456" tests="14">
    <testcase classname="Service tests helpers Dummy test" name="Service tests helpers Dummy test" time="0.002">
    </testcase>
    <testcase classname="Utils Object can be deep copied" name="Utils Object can be deep copied" time="0.02">
    </testcase>
    <testcase classname="Utils Object can be deep searched" name="Utils Object can be deep searched" time="0.045">
    </testcase>
    <testcase classname="Utils Object can be deep searched" name="Utils Object can be deep searched" time="0.035">
    </testcase>
    <testcase classname="Utils two arrays can be diffed" name="Utils two arrays can be diffed" time="0.004">
    </testcase>
    <testcase classname="Utils Object exists" name="Utils Object exists" time="0.006">
    </testcase>
    <testcase classname="Utils Object is empty" name="Utils Object is empty" time="0.005">
    </testcase>
    <testcase classname="Utils longestCommonPrefix" name="Utils longestCommonPrefix" time="0.003">
    </testcase>
    <testcase classname="Utils longestCommonPrefix" name="Utils longestCommonPrefix" time="0.006">
    </testcase>
    <testcase classname="Utils longestCommonPrefix" name="Utils longestCommonPrefix" time="0.015">
    </testcase>
    <testcase classname="Utils nextTick works asynchronously" name="Utils nextTick works asynchronously" time="0.005">
    </testcase>
    <testcase classname="Utils parseInitialSearchParams analyzes normal query string" name="Utils parseInitialSearchParams analyzes normal query string" time="0.007">
    </testcase>
    <testcase classname="Utils parseInitialSearchParams analyzes empty query string" name="Utils parseInitialSearchParams analyzes empty query string" time="0.003">
    </testcase>
    <testcase classname="Utils safeEval" name="Utils safeEval" time="0.003">
    </testcase>
  </testsuite>
  <testsuite name="State tests helpers" errors="0" failures="0" skipped="0" timestamp="2020-06-28T10:31:29" time="3.082" tests="21">
    <testcase classname="State tests helpers Dummy test" name="State tests helpers Dummy test" time="0.006">
    </testcase>
    <testcase classname="RulesState RulesState is initialized" name="RulesState RulesState is initialized" time="0.241">
    </testcase>
    <testcase classname="RulesState Rules can be changed via events" name="RulesState Rules can be changed via events" time="0.097">
    </testcase>
    <testcase classname="RulesState no-mixed-operators cannot be processed" name="RulesState no-mixed-operators cannot be processed" time="0.07">
    </testcase>
    <testcase classname="RulesState react/jsx-no-script-url cannot be processed" name="RulesState react/jsx-no-script-url cannot be processed" time="0.072">
    </testcase>
    <testcase classname="RulesState Rules with &quot;oneOf&quot; cannot be processed" name="RulesState Rules with &quot;oneOf&quot; cannot be processed" time="0.073">
    </testcase>
    <testcase classname="RulesState Rules with &quot;anyOf&quot; cannot be processed" name="RulesState Rules with &quot;anyOf&quot; cannot be processed" time="0.063">
    </testcase>
    <testcase classname="RulesState Rules with &quot;allOf&quot; cannot be processed" name="RulesState Rules with &quot;allOf&quot; cannot be processed" time="0.078">
    </testcase>
    <testcase classname="RulesState Make rules with an object schema into an array schema" name="RulesState Make rules with an object schema into an array schema" time="0.059">
    </testcase>
    <testcase classname="RulesState Make rules with an object schema into an array schema" name="RulesState Make rules with an object schema into an array schema" time="0.077">
    </testcase>
    <testcase classname="RulesState Rules with type: boolean produce a checkbox" name="RulesState Rules with type: boolean produce a checkbox" time="0.081">
    </testcase>
    <testcase classname="RulesState Rules with additional boolean properties produce a key-value/checkbox" name="RulesState Rules with additional boolean properties produce a key-value/checkbox" time="0.126">
    </testcase>
    <testcase classname="RulesState Rules with additional string properties produce a key-value/text" name="RulesState Rules with additional string properties produce a key-value/text" time="0.09">
    </testcase>
    <testcase classname="RulesState Rules with an object that itself consists of all-boolean object produce a key-value/multicheckbox" name="RulesState Rules with an object that itself consists of all-boolean object produce a key-value/multicheckbox" time="0.088">
    </testcase>
    <testcase classname="RulesState Rules with an all-boolean object produce a multiselect" name="RulesState Rules with an all-boolean object produce a multiselect" time="0.069">
    </testcase>
    <testcase classname="RulesState Rules with an empty object as the schema are a noop" name="RulesState Rules with an empty object as the schema are a noop" time="0.068">
    </testcase>
    <testcase classname="RulesState Rules with type: integer produce a number-input" name="RulesState Rules with type: integer produce a number-input" time="0.072">
    </testcase>
    <testcase classname="RulesState Rules with type: array of enums produce a select-array" name="RulesState Rules with type: array of enums produce a select-array" time="0.071">
    </testcase>
    <testcase classname="RulesState Rules with enum produce a singleselect" name="RulesState Rules with enum produce a singleselect" time="0.064">
    </testcase>
    <testcase classname="RulesState Rules with type: array of strings produce a string-array" name="RulesState Rules with type: array of strings produce a string-array" time="0.05">
    </testcase>
    <testcase classname="RulesState Rules with type: string produce a string-input" name="RulesState Rules with type: string produce a string-input" time="0.05">
    </testcase>
  </testsuite>
  <testsuite name="State tests helpers" errors="0" failures="0" skipped="0" timestamp="2020-06-28T10:31:32" time="2.67" tests="18">
    <testcase classname="State tests helpers Dummy test" name="State tests helpers Dummy test" time="0.004">
    </testcase>
    <testcase classname="ConfigsState ConfigsState is initialized" name="ConfigsState ConfigsState is initialized" time="0.198">
    </testcase>
    <testcase classname="ConfigsState fileNames are properly constructed" name="ConfigsState fileNames are properly constructed" time="0.116">
    </testcase>
    <testcase classname="ConfigsState shortFileNames are properly constructed" name="ConfigsState shortFileNames are properly constructed" time="0.116">
    </testcase>
    <testcase classname="ConfigsState shortFileName" name="ConfigsState shortFileName" time="0.111">
    </testcase>
    <testcase classname="ConfigsState pluginNames are properly constructed" name="ConfigsState pluginNames are properly constructed" time="0.164">
    </testcase>
    <testcase classname="ConfigsState categories are properly constructed" name="ConfigsState categories are properly constructed" time="0.087">
    </testcase>
    <testcase classname="ConfigsState No categories can be determined unless a pluginName is selected first" name="ConfigsState No categories can be determined unless a pluginName is selected first" time="0.139">
    </testcase>
    <testcase classname="ConfigsState activeView is properly constructed" name="ConfigsState activeView is properly constructed" time="0.142">
    </testcase>
    <testcase classname="ConfigsState activeView is really unknownView if unknownPluginName is selected" name="ConfigsState activeView is really unknownView if unknownPluginName is selected" time="0.124">
    </testcase>
    <testcase classname="ConfigsState categoryView is properly constructed" name="ConfigsState categoryView is properly constructed" time="0.107">
    </testcase>
    <testcase classname="ConfigsState unknownView is properly constructed" name="ConfigsState unknownView is properly constructed" time="0.099">
    </testcase>
    <testcase classname="ConfigsState Extensions are properly merged" name="ConfigsState Extensions are properly merged" time="0.094">
    </testcase>
    <testcase classname="ConfigsState Rule digest is properly constructed" name="ConfigsState Rule digest is properly constructed" time="0.11">
    </testcase>
    <testcase classname="ConfigsState isPluginFiltered" name="ConfigsState isPluginFiltered" time="0.088">
    </testcase>
    <testcase classname="ConfigsState changeConfiguration" name="ConfigsState changeConfiguration" time="0.079">
    </testcase>
    <testcase classname="ConfigsState changeRule" name="ConfigsState changeRule" time="0.106">
    </testcase>
    <testcase classname="ConfigsState deleteRule" name="ConfigsState deleteRule" time="0.075">
    </testcase>
  </testsuite>
  <testsuite name="Components tests helpers" errors="0" failures="0" skipped="0" timestamp="2020-06-28T10:31:29" time="9.688" tests="8">
    <testcase classname="Components tests helpers Dummy test" name="Components tests helpers Dummy test" time="0.26">
    </testcase>
    <testcase classname="ConfigsComponent Component is created" name="ConfigsComponent Component is created" time="0.259">
    </testcase>
    <testcase classname="ConfigsComponent colorForFile" name="ConfigsComponent colorForFile" time="0.211">
    </testcase>
    <testcase classname="ConfigsComponent iconForFile" name="ConfigsComponent iconForFile" time="0.103">
    </testcase>
    <testcase classname="ConfigsComponent ngAfterViewChecked" name="ConfigsComponent ngAfterViewChecked" time="0.12">
    </testcase>
    <testcase classname="ConfigsComponent selectCategory" name="ConfigsComponent selectCategory" time="0.098">
    </testcase>
    <testcase classname="ConfigsComponent selectFileName" name="ConfigsComponent selectFileName" time="0.097">
    </testcase>
    <testcase classname="ConfigsComponent shortenFileName" name="ConfigsComponent shortenFileName" time="0.109">
    </testcase>
  </testsuite>
  <testsuite name="Components tests helpers" errors="0" failures="0" skipped="0" timestamp="2020-06-28T10:31:29" time="10.094" tests="12">
    <testcase classname="Components tests helpers Dummy test" name="Components tests helpers Dummy test" time="0.322">
    </testcase>
    <testcase classname="GeneralComponent Component is created" name="GeneralComponent Component is created" time="0.342">
    </testcase>
    <testcase classname="GeneralComponent canDoSettings" name="GeneralComponent canDoSettings" time="0.149">
    </testcase>
    <testcase classname="GeneralComponent editFile" name="GeneralComponent editFile" time="0.073">
    </testcase>
    <testcase classname="GeneralComponent inheritedParserOptions" name="GeneralComponent inheritedParserOptions" time="0.08">
    </testcase>
    <testcase classname="GeneralComponent isConfigured" name="GeneralComponent isConfigured" time="0.105">
    </testcase>
    <testcase classname="GeneralComponent isInherited" name="GeneralComponent isInherited" time="0.079">
    </testcase>
    <testcase classname="GeneralComponent makeOptionsForMultiselector" name="GeneralComponent makeOptionsForMultiselector" time="0.086">
    </testcase>
    <testcase classname="GeneralComponent makeOptionsForSingleselector" name="GeneralComponent makeOptionsForSingleselector" time="0.116">
    </testcase>
    <testcase classname="GeneralComponent makeParserOptionsControls" name="GeneralComponent makeParserOptionsControls" time="0.116">
    </testcase>
    <testcase classname="GeneralComponent inheritedParserOptions" name="GeneralComponent inheritedParserOptions" time="0.068">
    </testcase>
    <testcase classname="GeneralComponent ngOnInit" name="GeneralComponent ngOnInit" time="0.091">
    </testcase>
  </testsuite>
  <testsuite name="Components tests helpers" errors="0" failures="0" skipped="0" timestamp="2020-06-28T10:31:31" time="8.615" tests="8">
    <testcase classname="Components tests helpers Dummy test" name="Components tests helpers Dummy test" time="0.344">
    </testcase>
    <testcase classname="RulesComponent Component is created" name="RulesComponent Component is created" time="0.187">
    </testcase>
    <testcase classname="RulesComponent canExportRule - in config" name="RulesComponent canExportRule - in config" time="0.129">
    </testcase>
    <testcase classname="RulesComponent canExportRule - in extension" name="RulesComponent canExportRule - in extension" time="0.114">
    </testcase>
    <testcase classname="RulesComponent execute deletes rule" name="RulesComponent execute deletes rule" time="0.09">
    </testcase>
    <testcase classname="RulesComponent execute exports rule" name="RulesComponent execute exports rule" time="0.132">
    </testcase>
    <testcase classname="RulesComponent isRuleDefined" name="RulesComponent isRuleDefined" time="0.114">
    </testcase>
    <testcase classname="RulesComponent trackByRule" name="RulesComponent trackByRule" time="0.108">
    </testcase>
  </testsuite>
  <testsuite name="Components tests helpers" errors="0" failures="0" skipped="0" timestamp="2020-06-28T10:31:39" time="1.5" tests="5">
    <testcase classname="Components tests helpers Dummy test" name="Components tests helpers Dummy test" time="0.3">
    </testcase>
    <testcase classname="TabsComponent Component is created" name="TabsComponent Component is created" time="0.211">
    </testcase>
    <testcase classname="TabsComponent ngAfterViewChecked" name="TabsComponent ngAfterViewChecked" time="0.109">
    </testcase>
    <testcase classname="TabsComponent Plugin can be selected" name="TabsComponent Plugin can be selected" time="0.07">
    </testcase>
    <testcase classname="TabsComponent Plugins are partitioned into tabs and overflow dropdown" name="TabsComponent Plugins are partitioned into tabs and overflow dropdown" time="0.075">
    </testcase>
  </testsuite>
  <testsuite name="Components tests helpers" errors="0" failures="0" skipped="0" timestamp="2020-06-28T10:31:39" time="1.421" tests="5">
    <testcase classname="Components tests helpers Dummy test" name="Components tests helpers Dummy test" time="0.252">
    </testcase>
    <testcase classname="FilterComponent Component is created" name="FilterComponent Component is created" time="0.178">
    </testcase>
    <testcase classname="FilterComponent clearRuleNameFilter" name="FilterComponent clearRuleNameFilter" time="0.103">
    </testcase>
    <testcase classname="FilterComponent ngOnInit" name="FilterComponent ngOnInit" time="0.085">
    </testcase>
    <testcase classname="FilterComponent toggleInheritedRules" name="FilterComponent toggleInheritedRules" time="0.077">
    </testcase>
  </testsuite>
  <testsuite name="State tests helpers" errors="0" failures="0" skipped="0" timestamp="2020-06-28T10:31:39" time="1.558" tests="18">
    <testcase classname="State tests helpers Dummy test" name="State tests helpers Dummy test" time="0.003">
    </testcase>
    <testcase classname="FilesState FilesState is initialized" name="FilesState FilesState is initialized" time="0.112">
    </testcase>
    <testcase classname="FilesState package.json is properly parsed" name="FilesState package.json is properly parsed" time="0.047">
    </testcase>
    <testcase classname="FilesState ext/.eslintrc.js is properly parsed" name="FilesState ext/.eslintrc.js is properly parsed" time="0.057">
    </testcase>
    <testcase classname="FilesState /home/mflorence99/el-file/.eslintrc.json is parsed without rules" name="FilesState /home/mflorence99/el-file/.eslintrc.json is parsed without rules" time="0.054">
    </testcase>
    <testcase classname="FilesState /home/mflorence99/lintel/src/app/.eslintrc.yaml is properly parsed" name="FilesState /home/mflorence99/lintel/src/app/.eslintrc.yaml is properly parsed" time="0.049">
    </testcase>
    <testcase classname="FilesState completely /home/mflorence99/lintel/empty.json is properly parsed" name="FilesState completely /home/mflorence99/lintel/empty.json is properly parsed" time="0.048">
    </testcase>
    <testcase classname="FilesState /home/mflorence99/lintel/common-js.cjs is parsed but the config is empty" name="FilesState /home/mflorence99/lintel/common-js.cjs is parsed but the config is empty" time="0.038">
    </testcase>
    <testcase classname="FilesState /home/mflorence99/lintel/invalid.json is parsed but the config is null" name="FilesState /home/mflorence99/lintel/invalid.json is parsed but the config is null" time="0.036">
    </testcase>
    <testcase classname="FilesState config can be changed in package.json" name="FilesState config can be changed in package.json" time="0.039">
    </testcase>
    <testcase classname="FilesState rule can be changed in package.json" name="FilesState rule can be changed in package.json" time="0.056">
    </testcase>
    <testcase classname="FilesState config can be changed in /home/mflorence99/el-3270/.eslintrc.js" name="FilesState config can be changed in /home/mflorence99/el-3270/.eslintrc.js" time="0.053">
    </testcase>
    <testcase classname="FilesState rule can be changed in ext/.eslintrc.js" name="FilesState rule can be changed in ext/.eslintrc.js" time="0.054">
    </testcase>
    <testcase classname="FilesState config can be changed in /home/mflorence99/el-file/.eslintrc.json" name="FilesState config can be changed in /home/mflorence99/el-file/.eslintrc.json" time="0.045">
    </testcase>
    <testcase classname="FilesState rule can be changed in /home/mflorence99/el-file/.eslintrc.json" name="FilesState rule can be changed in /home/mflorence99/el-file/.eslintrc.json" time="0.036">
    </testcase>
    <testcase classname="FilesState config can be changed in /home/mflorence99/lintel/src/app/.eslintrc.yaml" name="FilesState config can be changed in /home/mflorence99/lintel/src/app/.eslintrc.yaml" time="0.04">
    </testcase>
    <testcase classname="FilesState rule can be changed in /home/mflorence99/lintel/src/app/.eslintrc.yaml" name="FilesState rule can be changed in /home/mflorence99/lintel/src/app/.eslintrc.yaml" time="0.059">
    </testcase>
    <testcase classname="FilesState rule can be deleted in /home/mflorence99/lintel/package.json" name="FilesState rule can be deleted in /home/mflorence99/lintel/package.json" time="0.053">
    </testcase>
  </testsuite>
  <testsuite name="Components tests helpers" errors="0" failures="0" skipped="0" timestamp="2020-06-28T10:31:40" time="0.904" tests="2">
    <testcase classname="Components tests helpers Dummy test" name="Components tests helpers Dummy test" time="0.201">
    </testcase>
    <testcase classname="ScrollerComponent Component is created" name="ScrollerComponent Component is created" time="0.146">
    </testcase>
  </testsuite>
  <testsuite name="Components tests helpers" errors="0" failures="0" skipped="0" timestamp="2020-06-28T10:31:41" time="0.818" tests="1">
    <testcase classname="Components tests helpers Dummy test" name="Components tests helpers Dummy test" time="0.219">
    </testcase>
  </testsuite>
  <testsuite name="RootPageComponent" errors="0" failures="0" skipped="0" timestamp="2020-06-28T10:31:41" time="1.124" tests="3">
    <testcase classname="RootPageComponent App is created" name="RootPageComponent App is created" time="0.36">
    </testcase>
    <testcase classname="RootPageComponent editFile" name="RootPageComponent editFile" time="0.13">
    </testcase>
    <testcase classname="RootPageComponent scrollToTop" name="RootPageComponent scrollToTop" time="0.085">
    </testcase>
  </testsuite>
  <testsuite name="State tests helpers" errors="0" failures="0" skipped="0" timestamp="2020-06-28T10:31:41" time="0.807" tests="4">
    <testcase classname="State tests helpers Dummy test" name="State tests helpers Dummy test" time="0.003">
    </testcase>
    <testcase classname="FilterState Rule name filter can be set" name="FilterState Rule name filter can be set" time="0.179">
    </testcase>
    <testcase classname="FilterState Empty data returned for non-matching filter" name="FilterState Empty data returned for non-matching filter" time="0.066">
    </testcase>
    <testcase classname="FilterState Inherited rules can be shown or hidden" name="FilterState Inherited rules can be shown or hidden" time="0.05">
    </testcase>
  </testsuite>
  <testsuite name="Components tests helpers" errors="0" failures="0" skipped="0" timestamp="2020-06-28T10:31:35" time="7.218" tests="7">
    <testcase classname="Components tests helpers Dummy test" name="Components tests helpers Dummy test" time="0.219">
    </testcase>
    <testcase classname="RuleComponent Component is created" name="RuleComponent Component is created" time="0.2">
    </testcase>
    <testcase classname="RuleComponent breakable" name="RuleComponent breakable" time="0.145">
    </testcase>
    <testcase classname="RuleComponent editFile" name="RuleComponent editFile" time="0.094">
    </testcase>
    <testcase classname="RuleComponent formGroupControls" name="RuleComponent formGroupControls" time="0.089">
    </testcase>
    <testcase classname="RuleComponent ngOnInit" name="RuleComponent ngOnInit" time="0.148">
    </testcase>
    <testcase classname="RuleComponent openFile" name="RuleComponent openFile" time="0.076">
    </testcase>
  </testsuite>
  <testsuite name="State tests helpers" errors="0" failures="0" skipped="0" timestamp="2020-06-28T10:31:42" time="0.658" tests="2">
    <testcase classname="State tests helpers Dummy test" name="State tests helpers Dummy test" time="0.003">
    </testcase>
    <testcase classname="SchemaState SchemaState is initialized" name="SchemaState SchemaState is initialized" time="0.169">
    </testcase>
  </testsuite>
  <testsuite name="State tests helpers" errors="0" failures="0" skipped="0" timestamp="2020-06-28T10:31:42" time="0.757" tests="3">
    <testcase classname="State tests helpers Dummy test" name="State tests helpers Dummy test" time="0.004">
    </testcase>
    <testcase classname="ExtensionsState ExtensionsState is initialized" name="ExtensionsState ExtensionsState is initialized" time="0.168">
    </testcase>
    <testcase classname="ExtensionsState Extensions can be changed via events" name="ExtensionsState Extensions can be changed via events" time="0.075">
    </testcase>
  </testsuite>
  <testsuite name="Service tests helpers" errors="0" failures="0" skipped="0" timestamp="2020-06-28T10:31:42" time="0.37" tests="3">
    <testcase classname="Service tests helpers Dummy test" name="Service tests helpers Dummy test" time="0.002">
    </testcase>
    <testcase classname="Params Params are set as expected" name="Params Params are set as expected" time="0.019">
    </testcase>
    <testcase classname="Params searchParams are initialized correctly" name="Params searchParams are initialized correctly" time="0.003">
    </testcase>
  </testsuite>
  <testsuite name="State tests helpers" errors="0" failures="0" skipped="0" timestamp="2020-06-28T10:31:42" time="0.502" tests="1">
    <testcase classname="State tests helpers Dummy test" name="State tests helpers Dummy test" time="0.002">
    </testcase>
  </testsuite>
  <testsuite name="State tests helpers" errors="0" failures="0" skipped="0" timestamp="2020-06-28T10:31:42" time="0.653" tests="2">
    <testcase classname="State tests helpers Dummy test" name="State tests helpers Dummy test" time="0.002">
    </testcase>
    <testcase classname="SelectionState Selections can be made" name="SelectionState Selections can be made" time="0.124">
    </testcase>
  </testsuite>
</testsuites>