<?xml version="1.0" encoding="UTF-8"?>
<testsuites name="jest tests" tests="4" failures="0" time="5.195">
  <testsuite name="VSCode extension" errors="0" failures="0" skipped="0" timestamp="2020-09-15T19:19:24" time="4.626" tests="4">
    <testcase classname="VSCode extension Smoke test" name="VSCode extension Smoke test" time="0.004">
    </testcase>
    <testcase classname="VSCode extension Correct HTML is produced at launch" name="VSCode extension Correct HTML is produced at launch" time="0.002">
    </testcase>
    <testcase classname="VSCode extension Extension reacts to messages from webview" name="VSCode extension Extension reacts to messages from webview" time="0.355">
    </testcase>
    <testcase classname="VSCode extension Extension can be disposed" name="VSCode extension Extension can be disposed" time="0.001">
    </testcase>
  </testsuite>
</testsuites>