<?xml version="1.0" encoding="UTF-8"?>
<testsuites name="jest tests" tests="8" failures="0" time="3.128">
  <testsuite name="Components tests helpers" errors="0" failures="0" skipped="0" timestamp="2020-06-26T09:14:48" time="2.689" tests="8">
    <testcase classname="Components tests helpers Dummy test" name="Components tests helpers Dummy test" time="0.189">
    </testcase>
    <testcase classname="RulesComponent Component is created" name="RulesComponent Component is created" time="0.192">
    </testcase>
    <testcase classname="RulesComponent canExportRule - in config" name="RulesComponent canExportRule - in config" time="0.094">
    </testcase>
    <testcase classname="RulesComponent canExportRule - in extension" name="RulesComponent canExportRule - in extension" time="0.089">
    </testcase>
    <testcase classname="RulesComponent execute deletes rule" name="RulesComponent execute deletes rule" time="0.082">
    </testcase>
    <testcase classname="RulesComponent execute exports rule" name="RulesComponent execute exports rule" time="0.081">
    </testcase>
    <testcase classname="RulesComponent isRuleDefined" name="RulesComponent isRuleDefined" time="0.083">
    </testcase>
    <testcase classname="RulesComponent trackByRule" name="RulesComponent trackByRule" time="0.078">
    </testcase>
  </testsuite>
</testsuites>