<?xml version="1.0" encoding="UTF-8"?>
<testsuites name="jest tests" tests="114" failures="0" time="14.627">
  <testsuite name="VSCode extension" errors="0" failures="0" skipped="0" timestamp="2020-06-25T11:09:07" time="1.895" tests="5">
    <testcase classname="VSCode extension Smoke test" name="VSCode extension Smoke test" time="0.003">
    </testcase>
    <testcase classname="VSCode extension Correct HTML is produced at launch" name="VSCode extension Correct HTML is produced at launch" time="0.003">
    </testcase>
    <testcase classname="VSCode extension Extension reacts to messages from webview" name="VSCode extension Extension reacts to messages from webview" time="0.419">
    </testcase>
    <testcase classname="VSCode extension Extension can be disposed" name="VSCode extension Extension can be disposed" time="0.001">
    </testcase>
    <testcase classname="VSCode extension Extension names are normalized" name="VSCode extension Extension names are normalized" time="0.001">
    </testcase>
  </testsuite>
  <testsuite name="Components tests helpers" errors="0" failures="0" skipped="0" timestamp="2020-06-25T11:09:07" time="5.557" tests="6">
    <testcase classname="Components tests helpers Dummy test" name="Components tests helpers Dummy test" time="0.003">
    </testcase>
    <testcase classname="GeneralComponent Component is created" name="GeneralComponent Component is created" time="1.197">
    </testcase>
    <testcase classname="GeneralComponent canDoSettings" name="GeneralComponent canDoSettings" time="0.721">
    </testcase>
    <testcase classname="GeneralComponent editFile" name="GeneralComponent editFile" time="0.731">
    </testcase>
    <testcase classname="GeneralComponent isConfigured" name="GeneralComponent isConfigured" time="0.585">
    </testcase>
    <testcase classname="GeneralComponent ngOnInit" name="GeneralComponent ngOnInit" time="0.701">
    </testcase>
  </testsuite>
  <testsuite name="Components tests helpers" errors="0" failures="0" skipped="0" timestamp="2020-06-25T11:09:09" time="4.242" tests="5">
    <testcase classname="Components tests helpers Dummy test" name="Components tests helpers Dummy test" time="0.002">
    </testcase>
    <testcase classname="FilterComponent Component is created" name="FilterComponent Component is created" time="1.106">
    </testcase>
    <testcase classname="FilterComponent clearRuleNameFilter" name="FilterComponent clearRuleNameFilter" time="0.8">
    </testcase>
    <testcase classname="FilterComponent ngOnInit" name="FilterComponent ngOnInit" time="0.706">
    </testcase>
    <testcase classname="FilterComponent toggleInheritedRules" name="FilterComponent toggleInheritedRules" time="0.657">
    </testcase>
  </testsuite>
  <testsuite name="Components tests helpers" errors="0" failures="0" skipped="0" timestamp="2020-06-25T11:09:07" time="6.378" tests="7">
    <testcase classname="Components tests helpers Dummy test" name="Components tests helpers Dummy test" time="0.004">
    </testcase>
    <testcase classname="RuleComponent Component is created" name="RuleComponent Component is created" time="1.141">
    </testcase>
    <testcase classname="RuleComponent breakable" name="RuleComponent breakable" time="0.844">
    </testcase>
    <testcase classname="RuleComponent editFile" name="RuleComponent editFile" time="0.621">
    </testcase>
    <testcase classname="RuleComponent formGroupControls" name="RuleComponent formGroupControls" time="0.635">
    </testcase>
    <testcase classname="RuleComponent ngOnInit" name="RuleComponent ngOnInit" time="0.715">
    </testcase>
    <testcase classname="RuleComponent openFile" name="RuleComponent openFile" time="0.586">
    </testcase>
  </testsuite>
  <testsuite name="Components tests helpers" errors="0" failures="0" skipped="0" timestamp="2020-06-25T11:09:07" time="6.594" tests="8">
    <testcase classname="Components tests helpers Dummy test" name="Components tests helpers Dummy test" time="0.003">
    </testcase>
    <testcase classname="ConfigsComponent Component is created" name="ConfigsComponent Component is created" time="1.21">
    </testcase>
    <testcase classname="ConfigsComponent colorForFile" name="ConfigsComponent colorForFile" time="0.671">
    </testcase>
    <testcase classname="ConfigsComponent iconForFile" name="ConfigsComponent iconForFile" time="0.67">
    </testcase>
    <testcase classname="ConfigsComponent ngAfterViewChecked" name="ConfigsComponent ngAfterViewChecked" time="0.64">
    </testcase>
    <testcase classname="ConfigsComponent selectCategory" name="ConfigsComponent selectCategory" time="0.691">
    </testcase>
    <testcase classname="ConfigsComponent selectFileName" name="ConfigsComponent selectFileName" time="0.623">
    </testcase>
    <testcase classname="ConfigsComponent shortenFileName" name="ConfigsComponent shortenFileName" time="0.533">
    </testcase>
  </testsuite>
  <testsuite name="State tests helpers" errors="0" failures="0" skipped="0" timestamp="2020-06-25T11:09:13" time="2.78" tests="21">
    <testcase classname="State tests helpers Dummy test" name="State tests helpers Dummy test" time="0.002">
    </testcase>
    <testcase classname="RulesState RulesState is initialized" name="RulesState RulesState is initialized" time="0.16">
    </testcase>
    <testcase classname="RulesState Rules can be changed via events" name="RulesState Rules can be changed via events" time="0.087">
    </testcase>
    <testcase classname="RulesState no-mixed-operators cannot be processed" name="RulesState no-mixed-operators cannot be processed" time="0.093">
    </testcase>
    <testcase classname="RulesState react/jsx-no-script-url cannot be processed" name="RulesState react/jsx-no-script-url cannot be processed" time="0.094">
    </testcase>
    <testcase classname="RulesState Rules with &quot;oneOf&quot; cannot be processed" name="RulesState Rules with &quot;oneOf&quot; cannot be processed" time="0.128">
    </testcase>
    <testcase classname="RulesState Rules with &quot;anyOf&quot; cannot be processed" name="RulesState Rules with &quot;anyOf&quot; cannot be processed" time="0.097">
    </testcase>
    <testcase classname="RulesState Rules with &quot;allOf&quot; cannot be processed" name="RulesState Rules with &quot;allOf&quot; cannot be processed" time="0.067">
    </testcase>
    <testcase classname="RulesState Make rules with an object schema into an array schema" name="RulesState Make rules with an object schema into an array schema" time="0.063">
    </testcase>
    <testcase classname="RulesState Make rules with an object schema into an array schema" name="RulesState Make rules with an object schema into an array schema" time="0.068">
    </testcase>
    <testcase classname="RulesState Rules with type: boolean produce a checkbox" name="RulesState Rules with type: boolean produce a checkbox" time="0.107">
    </testcase>
    <testcase classname="RulesState Rules with additional boolean properties produce a key-value/checkbox" name="RulesState Rules with additional boolean properties produce a key-value/checkbox" time="0.116">
    </testcase>
    <testcase classname="RulesState Rules with additional string properties produce a key-value/text" name="RulesState Rules with additional string properties produce a key-value/text" time="0.119">
    </testcase>
    <testcase classname="RulesState Rules with an object that itself consists of all-boolean object produce a key-value/multicheckbox" name="RulesState Rules with an object that itself consists of all-boolean object produce a key-value/multicheckbox" time="0.129">
    </testcase>
    <testcase classname="RulesState Rules with an all-boolean object produce a multiselect" name="RulesState Rules with an all-boolean object produce a multiselect" time="0.064">
    </testcase>
    <testcase classname="RulesState Rules with an empty object as the schema are a noop" name="RulesState Rules with an empty object as the schema are a noop" time="0.091">
    </testcase>
    <testcase classname="RulesState Rules with type: integer produce a number-input" name="RulesState Rules with type: integer produce a number-input" time="0.091">
    </testcase>
    <testcase classname="RulesState Rules with type: array of enums produce a select-array" name="RulesState Rules with type: array of enums produce a select-array" time="0.085">
    </testcase>
    <testcase classname="RulesState Rules with enum produce a singleselect" name="RulesState Rules with enum produce a singleselect" time="0.101">
    </testcase>
    <testcase classname="RulesState Rules with type: array of strings produce a string-array" name="RulesState Rules with type: array of strings produce a string-array" time="0.097">
    </testcase>
    <testcase classname="RulesState Rules with type: string produce a string-input" name="RulesState Rules with type: string produce a string-input" time="0.101">
    </testcase>
  </testsuite>
  <testsuite name="Components tests helpers" errors="0" failures="0" skipped="0" timestamp="2020-06-25T11:09:13" time="2.7" tests="3">
    <testcase classname="Components tests helpers Dummy test" name="Components tests helpers Dummy test" time="0.002">
    </testcase>
    <testcase classname="RulesComponent Component is created" name="RulesComponent Component is created" time="0.995">
    </testcase>
    <testcase classname="RulesComponent trackByRule" name="RulesComponent trackByRule" time="0.825">
    </testcase>
  </testsuite>
  <testsuite name="Components tests helpers" errors="0" failures="0" skipped="0" timestamp="2020-06-25T11:09:12" time="4.002" tests="5">
    <testcase classname="Components tests helpers Dummy test" name="Components tests helpers Dummy test" time="0.004">
    </testcase>
    <testcase classname="TabsComponent Component is created" name="TabsComponent Component is created" time="1.015">
    </testcase>
    <testcase classname="TabsComponent ngAfterViewChecked" name="TabsComponent ngAfterViewChecked" time="0.665">
    </testcase>
    <testcase classname="TabsComponent Plugin can be selected" name="TabsComponent Plugin can be selected" time="0.747">
    </testcase>
    <testcase classname="TabsComponent Plugins are partitioned into tabs and overflow dropdown" name="TabsComponent Plugins are partitioned into tabs and overflow dropdown" time="0.686">
    </testcase>
  </testsuite>
  <testsuite name="Components tests helpers" errors="0" failures="0" skipped="0" timestamp="2020-06-25T11:09:16" time="1.743" tests="2">
    <testcase classname="Components tests helpers Dummy test" name="Components tests helpers Dummy test" time="0.002">
    </testcase>
    <testcase classname="ScrollerComponent Component is created" name="ScrollerComponent Component is created" time="0.941">
    </testcase>
  </testsuite>
  <testsuite name="RootPageComponent" errors="0" failures="0" skipped="0" timestamp="2020-06-25T11:09:16" time="2.29" tests="3">
    <testcase classname="RootPageComponent App is created" name="RootPageComponent App is created" time="0.587">
    </testcase>
    <testcase classname="RootPageComponent editFile" name="RootPageComponent editFile" time="0.49">
    </testcase>
    <testcase classname="RootPageComponent scrollToTop" name="RootPageComponent scrollToTop" time="0.35">
    </testcase>
  </testsuite>
  <testsuite name="State tests helpers" errors="0" failures="0" skipped="0" timestamp="2020-06-25T11:09:16" time="1.985" tests="18">
    <testcase classname="State tests helpers Dummy test" name="State tests helpers Dummy test" time="0.002">
    </testcase>
    <testcase classname="FilesState FilesState is initialized" name="FilesState FilesState is initialized" time="0.126">
    </testcase>
    <testcase classname="FilesState package.json is properly parsed" name="FilesState package.json is properly parsed" time="0.057">
    </testcase>
    <testcase classname="FilesState ext/.eslintrc.js is properly parsed" name="FilesState ext/.eslintrc.js is properly parsed" time="0.049">
    </testcase>
    <testcase classname="FilesState /home/mflorence99/el-file/.eslintrc.json is parsed without rules" name="FilesState /home/mflorence99/el-file/.eslintrc.json is parsed without rules" time="0.051">
    </testcase>
    <testcase classname="FilesState /home/mflorence99/lintel/src/app/.eslintrc.yaml is properly parsed" name="FilesState /home/mflorence99/lintel/src/app/.eslintrc.yaml is properly parsed" time="0.054">
    </testcase>
    <testcase classname="FilesState completely /home/mflorence99/lintel/empty.json is properly parsed" name="FilesState completely /home/mflorence99/lintel/empty.json is properly parsed" time="0.12">
    </testcase>
    <testcase classname="FilesState /home/mflorence99/lintel/not-supported.cjs is parsed but the config is null" name="FilesState /home/mflorence99/lintel/not-supported.cjs is parsed but the config is null" time="0.07">
    </testcase>
    <testcase classname="FilesState /home/mflorence99/lintel/invalid.json is parsed but the config is null" name="FilesState /home/mflorence99/lintel/invalid.json is parsed but the config is null" time="0.06">
    </testcase>
    <testcase classname="FilesState config can be changed in package.json" name="FilesState config can be changed in package.json" time="0.044">
    </testcase>
    <testcase classname="FilesState rule can be changed in package.json" name="FilesState rule can be changed in package.json" time="0.073">
    </testcase>
    <testcase classname="FilesState config can be changed in /home/mflorence99/el-3270/.eslintrc.js" name="FilesState config can be changed in /home/mflorence99/el-3270/.eslintrc.js" time="0.073">
    </testcase>
    <testcase classname="FilesState rule can be changed in ext/.eslintrc.js" name="FilesState rule can be changed in ext/.eslintrc.js" time="0.085">
    </testcase>
    <testcase classname="FilesState config can be changed in /home/mflorence99/el-file/.eslintrc.json" name="FilesState config can be changed in /home/mflorence99/el-file/.eslintrc.json" time="0.082">
    </testcase>
    <testcase classname="FilesState rule can be changed in /home/mflorence99/el-file/.eslintrc.json" name="FilesState rule can be changed in /home/mflorence99/el-file/.eslintrc.json" time="0.094">
    </testcase>
    <testcase classname="FilesState config can be changed in /home/mflorence99/lintel/src/app/.eslintrc.yaml" name="FilesState config can be changed in /home/mflorence99/lintel/src/app/.eslintrc.yaml" time="0.081">
    </testcase>
    <testcase classname="FilesState rule can be changed in /home/mflorence99/lintel/src/app/.eslintrc.yaml" name="FilesState rule can be changed in /home/mflorence99/lintel/src/app/.eslintrc.yaml" time="0.077">
    </testcase>
    <testcase classname="FilesState rule can be deleted in /home/mflorence99/lintel/package.json" name="FilesState rule can be deleted in /home/mflorence99/lintel/package.json" time="0.084">
    </testcase>
  </testsuite>
  <testsuite name="State tests helpers" errors="0" failures="0" skipped="0" timestamp="2020-06-25T11:09:13" time="5.733" tests="18">
    <testcase classname="State tests helpers Dummy test" name="State tests helpers Dummy test" time="0.002">
    </testcase>
    <testcase classname="ConfigsState ConfigsState is initialized" name="ConfigsState ConfigsState is initialized" time="0.136">
    </testcase>
    <testcase classname="ConfigsState fileNames are properly constructed" name="ConfigsState fileNames are properly constructed" time="0.086">
    </testcase>
    <testcase classname="ConfigsState shortFileNames are properly constructed" name="ConfigsState shortFileNames are properly constructed" time="0.094">
    </testcase>
    <testcase classname="ConfigsState shortFileName" name="ConfigsState shortFileName" time="0.096">
    </testcase>
    <testcase classname="ConfigsState pluginNames are properly constructed" name="ConfigsState pluginNames are properly constructed" time="0.111">
    </testcase>
    <testcase classname="ConfigsState categories are properly constructed" name="ConfigsState categories are properly constructed" time="0.086">
    </testcase>
    <testcase classname="ConfigsState No categories can be determined unless a pluginName is selected first" name="ConfigsState No categories can be determined unless a pluginName is selected first" time="0.061">
    </testcase>
    <testcase classname="ConfigsState activeView is properly constructed" name="ConfigsState activeView is properly constructed" time="0.092">
    </testcase>
    <testcase classname="ConfigsState activeView is really unknownView if unknownPluginName is selected" name="ConfigsState activeView is really unknownView if unknownPluginName is selected" time="0.074">
    </testcase>
    <testcase classname="ConfigsState categoryView is properly constructed" name="ConfigsState categoryView is properly constructed" time="0.105">
    </testcase>
    <testcase classname="ConfigsState unknownView is properly constructed" name="ConfigsState unknownView is properly constructed" time="0.089">
    </testcase>
    <testcase classname="ConfigsState Extensions are properly merged" name="ConfigsState Extensions are properly merged" time="0.052">
    </testcase>
    <testcase classname="ConfigsState Rule digest is properly constructed" name="ConfigsState Rule digest is properly constructed" time="0.092">
    </testcase>
    <testcase classname="ConfigsState isPluginFiltered" name="ConfigsState isPluginFiltered" time="0.133">
    </testcase>
    <testcase classname="ConfigsState changeConfiguration" name="ConfigsState changeConfiguration" time="0.056">
    </testcase>
    <testcase classname="ConfigsState changeRule" name="ConfigsState changeRule" time="0.056">
    </testcase>
    <testcase classname="ConfigsState deleteRule" name="ConfigsState deleteRule" time="0.051">
    </testcase>
  </testsuite>
  <testsuite name="State tests helpers" errors="0" failures="0" skipped="0" timestamp="2020-06-25T11:09:18" time="0.972" tests="4">
    <testcase classname="State tests helpers Dummy test" name="State tests helpers Dummy test" time="0.002">
    </testcase>
    <testcase classname="FilterState Rule name filter can be set" name="FilterState Rule name filter can be set" time="0.162">
    </testcase>
    <testcase classname="FilterState Empty data returned for non-matching filter" name="FilterState Empty data returned for non-matching filter" time="0.107">
    </testcase>
    <testcase classname="FilterState Inherited rules can be shown or hidden" name="FilterState Inherited rules can be shown or hidden" time="0.06">
    </testcase>
  </testsuite>
  <testsuite name="State tests helpers" errors="0" failures="0" skipped="0" timestamp="2020-06-25T11:09:18" time="0.781" tests="3">
    <testcase classname="State tests helpers Dummy test" name="State tests helpers Dummy test" time="0.002">
    </testcase>
    <testcase classname="ExtensionsState ExtensionsState is initialized" name="ExtensionsState ExtensionsState is initialized" time="0.154">
    </testcase>
    <testcase classname="ExtensionsState Extensions can be changed via events" name="ExtensionsState Extensions can be changed via events" time="0.063">
    </testcase>
  </testsuite>
  <testsuite name="State tests helpers" errors="0" failures="0" skipped="0" timestamp="2020-06-25T11:09:18" time="0.758" tests="2">
    <testcase classname="State tests helpers Dummy test" name="State tests helpers Dummy test" time="0.003">
    </testcase>
    <testcase classname="SchemaState SchemaState is initialized" name="SchemaState SchemaState is initialized" time="0.148">
    </testcase>
  </testsuite>
  <testsuite name="State tests helpers" errors="0" failures="0" skipped="0" timestamp="2020-06-25T11:09:19" time="0.771" tests="2">
    <testcase classname="State tests helpers Dummy test" name="State tests helpers Dummy test" time="0.004">
    </testcase>
    <testcase classname="SelectionState Selections can be made" name="SelectionState Selections can be made" time="0.154">
    </testcase>
  </testsuite>
  <testsuite name="Components tests helpers" errors="0" failures="0" skipped="0" timestamp="2020-06-25T11:09:19" time="0.654" tests="1">
    <testcase classname="Components tests helpers Dummy test" name="Components tests helpers Dummy test" time="0.003">
    </testcase>
  </testsuite>
  <testsuite name="State tests helpers" errors="0" failures="0" skipped="0" timestamp="2020-06-25T11:09:19" time="0.533" tests="1">
    <testcase classname="State tests helpers Dummy test" name="State tests helpers Dummy test" time="0.003">
    </testcase>
  </testsuite>
</testsuites>