<?xml version="1.0" encoding="UTF-8"?>
<testsuites name="jest tests" tests="131" failures="0" time="23.311">
  <testsuite name="extends mind meld" errors="0" failures="0" skipped="0" timestamp="2020-06-29T09:20:42" time="8.935" tests="5">
    <testcase classname="extends mind meld smoke test" name="extends mind meld smoke test" time="0.006">
    </testcase>
    <testcase classname="extends mind meld objects can be melded" name="extends mind meld objects can be melded" time="0.002">
    </testcase>
    <testcase classname="extends mind meld overrides can be melded" name="extends mind meld overrides can be melded" time="0.001">
    </testcase>
    <testcase classname="extends mind meld plugins can be melded and deduplicated" name="extends mind meld plugins can be melded and deduplicated" time="0.001">
    </testcase>
    <testcase classname="extends mind meld rules can be melded" name="extends mind meld rules can be melded" time="0.002">
    </testcase>
  </testsuite>
  <testsuite name="State tests helpers" errors="0" failures="0" skipped="0" timestamp="2020-06-29T09:20:51" time="3.068" tests="18">
    <testcase classname="State tests helpers Dummy test" name="State tests helpers Dummy test" time="0.004">
    </testcase>
    <testcase classname="ConfigsState ConfigsState is initialized" name="ConfigsState ConfigsState is initialized" time="0.338">
    </testcase>
    <testcase classname="ConfigsState fileNames are properly constructed" name="ConfigsState fileNames are properly constructed" time="0.08">
    </testcase>
    <testcase classname="ConfigsState shortFileNames are properly constructed" name="ConfigsState shortFileNames are properly constructed" time="0.072">
    </testcase>
    <testcase classname="ConfigsState shortFileName" name="ConfigsState shortFileName" time="0.093">
    </testcase>
    <testcase classname="ConfigsState pluginNames are properly constructed" name="ConfigsState pluginNames are properly constructed" time="0.131">
    </testcase>
    <testcase classname="ConfigsState categories are properly constructed" name="ConfigsState categories are properly constructed" time="0.11">
    </testcase>
    <testcase classname="ConfigsState No categories can be determined unless a pluginName is selected first" name="ConfigsState No categories can be determined unless a pluginName is selected first" time="0.057">
    </testcase>
    <testcase classname="ConfigsState activeView is properly constructed" name="ConfigsState activeView is properly constructed" time="0.125">
    </testcase>
    <testcase classname="ConfigsState activeView is really unknownView if unknownPluginName is selected" name="ConfigsState activeView is really unknownView if unknownPluginName is selected" time="0.085">
    </testcase>
    <testcase classname="ConfigsState categoryView is properly constructed" name="ConfigsState categoryView is properly constructed" time="0.104">
    </testcase>
    <testcase classname="ConfigsState unknownView is properly constructed" name="ConfigsState unknownView is properly constructed" time="0.207">
    </testcase>
    <testcase classname="ConfigsState Extensions are properly merged" name="ConfigsState Extensions are properly merged" time="0.069">
    </testcase>
    <testcase classname="ConfigsState Rule digest is properly constructed" name="ConfigsState Rule digest is properly constructed" time="0.092">
    </testcase>
    <testcase classname="ConfigsState isPluginFiltered" name="ConfigsState isPluginFiltered" time="0.087">
    </testcase>
    <testcase classname="ConfigsState changeConfiguration" name="ConfigsState changeConfiguration" time="0.072">
    </testcase>
    <testcase classname="ConfigsState changeRule" name="ConfigsState changeRule" time="0.075">
    </testcase>
    <testcase classname="ConfigsState deleteRule" name="ConfigsState deleteRule" time="0.072">
    </testcase>
  </testsuite>
  <testsuite name="State tests helpers" errors="0" failures="0" skipped="0" timestamp="2020-06-29T09:20:42" time="12.526" tests="21">
    <testcase classname="State tests helpers Dummy test" name="State tests helpers Dummy test" time="0.004">
    </testcase>
    <testcase classname="RulesState RulesState is initialized" name="RulesState RulesState is initialized" time="0.258">
    </testcase>
    <testcase classname="RulesState Rules can be changed via events" name="RulesState Rules can be changed via events" time="0.11">
    </testcase>
    <testcase classname="RulesState no-mixed-operators cannot be processed" name="RulesState no-mixed-operators cannot be processed" time="0.105">
    </testcase>
    <testcase classname="RulesState react/jsx-no-script-url cannot be processed" name="RulesState react/jsx-no-script-url cannot be processed" time="0.097">
    </testcase>
    <testcase classname="RulesState Rules with &quot;oneOf&quot; cannot be processed" name="RulesState Rules with &quot;oneOf&quot; cannot be processed" time="0.143">
    </testcase>
    <testcase classname="RulesState Rules with &quot;anyOf&quot; cannot be processed" name="RulesState Rules with &quot;anyOf&quot; cannot be processed" time="0.12">
    </testcase>
    <testcase classname="RulesState Rules with &quot;allOf&quot; cannot be processed" name="RulesState Rules with &quot;allOf&quot; cannot be processed" time="0.105">
    </testcase>
    <testcase classname="RulesState Make rules with an object schema into an array schema" name="RulesState Make rules with an object schema into an array schema" time="0.085">
    </testcase>
    <testcase classname="RulesState Make rules with an object schema into an array schema" name="RulesState Make rules with an object schema into an array schema" time="0.077">
    </testcase>
    <testcase classname="RulesState Rules with type: boolean produce a checkbox" name="RulesState Rules with type: boolean produce a checkbox" time="0.079">
    </testcase>
    <testcase classname="RulesState Rules with additional boolean properties produce a key-value/checkbox" name="RulesState Rules with additional boolean properties produce a key-value/checkbox" time="0.146">
    </testcase>
    <testcase classname="RulesState Rules with additional string properties produce a key-value/text" name="RulesState Rules with additional string properties produce a key-value/text" time="0.12">
    </testcase>
    <testcase classname="RulesState Rules with an object that itself consists of all-boolean object produce a key-value/multicheckbox" name="RulesState Rules with an object that itself consists of all-boolean object produce a key-value/multicheckbox" time="0.086">
    </testcase>
    <testcase classname="RulesState Rules with an all-boolean object produce a multiselect" name="RulesState Rules with an all-boolean object produce a multiselect" time="0.103">
    </testcase>
    <testcase classname="RulesState Rules with an empty object as the schema are a noop" name="RulesState Rules with an empty object as the schema are a noop" time="0.113">
    </testcase>
    <testcase classname="RulesState Rules with type: integer produce a number-input" name="RulesState Rules with type: integer produce a number-input" time="0.099">
    </testcase>
    <testcase classname="RulesState Rules with type: array of enums produce a select-array" name="RulesState Rules with type: array of enums produce a select-array" time="0.132">
    </testcase>
    <testcase classname="RulesState Rules with enum produce a singleselect" name="RulesState Rules with enum produce a singleselect" time="0.246">
    </testcase>
    <testcase classname="RulesState Rules with type: array of strings produce a string-array" name="RulesState Rules with type: array of strings produce a string-array" time="0.178">
    </testcase>
    <testcase classname="RulesState Rules with type: string produce a string-input" name="RulesState Rules with type: string produce a string-input" time="0.101">
    </testcase>
  </testsuite>
  <testsuite name="Components tests helpers" errors="0" failures="0" skipped="0" timestamp="2020-06-29T09:20:42" time="13.196" tests="8">
    <testcase classname="Components tests helpers Dummy test" name="Components tests helpers Dummy test" time="0.399">
    </testcase>
    <testcase classname="ConfigsComponent Component is created" name="ConfigsComponent Component is created" time="0.31">
    </testcase>
    <testcase classname="ConfigsComponent colorForFile" name="ConfigsComponent colorForFile" time="0.17">
    </testcase>
    <testcase classname="ConfigsComponent iconForFile" name="ConfigsComponent iconForFile" time="0.26">
    </testcase>
    <testcase classname="ConfigsComponent ngAfterViewChecked" name="ConfigsComponent ngAfterViewChecked" time="0.302">
    </testcase>
    <testcase classname="ConfigsComponent selectCategory" name="ConfigsComponent selectCategory" time="0.225">
    </testcase>
    <testcase classname="ConfigsComponent selectFileName" name="ConfigsComponent selectFileName" time="0.341">
    </testcase>
    <testcase classname="ConfigsComponent shortenFileName" name="ConfigsComponent shortenFileName" time="0.131">
    </testcase>
  </testsuite>
  <testsuite name="Components tests helpers" errors="0" failures="0" skipped="0" timestamp="2020-06-29T09:20:42" time="13.551" tests="9">
    <testcase classname="Components tests helpers Dummy test" name="Components tests helpers Dummy test" time="0.415">
    </testcase>
    <testcase classname="GeneralComponent Component is created" name="GeneralComponent Component is created" time="0.254">
    </testcase>
    <testcase classname="GeneralComponent canDoSettings" name="GeneralComponent canDoSettings" time="0.274">
    </testcase>
    <testcase classname="GeneralComponent editFile" name="GeneralComponent editFile" time="0.263">
    </testcase>
    <testcase classname="GeneralComponent isConfigured" name="GeneralComponent isConfigured" time="0.174">
    </testcase>
    <testcase classname="GeneralComponent isInherited" name="GeneralComponent isInherited" time="0.262">
    </testcase>
    <testcase classname="GeneralComponent makeOptionsForMultiselector" name="GeneralComponent makeOptionsForMultiselector" time="0.257">
    </testcase>
    <testcase classname="GeneralComponent makeOptionsForSingleselector" name="GeneralComponent makeOptionsForSingleselector" time="0.168">
    </testcase>
    <testcase classname="GeneralComponent ngOnInit" name="GeneralComponent ngOnInit" time="0.201">
    </testcase>
  </testsuite>
  <testsuite name="Components tests helpers" errors="0" failures="0" skipped="0" timestamp="2020-06-29T09:20:54" time="3.975" tests="8">
    <testcase classname="Components tests helpers Dummy test" name="Components tests helpers Dummy test" time="0.59">
    </testcase>
    <testcase classname="RulesComponent Component is created" name="RulesComponent Component is created" time="0.539">
    </testcase>
    <testcase classname="RulesComponent canExportRule - in config" name="RulesComponent canExportRule - in config" time="0.23">
    </testcase>
    <testcase classname="RulesComponent canExportRule - in extension" name="RulesComponent canExportRule - in extension" time="0.279">
    </testcase>
    <testcase classname="RulesComponent execute deletes rule" name="RulesComponent execute deletes rule" time="0.253">
    </testcase>
    <testcase classname="RulesComponent execute exports rule" name="RulesComponent execute exports rule" time="0.206">
    </testcase>
    <testcase classname="RulesComponent isRuleDefined" name="RulesComponent isRuleDefined" time="0.174">
    </testcase>
    <testcase classname="RulesComponent trackByRule" name="RulesComponent trackByRule" time="0.154">
    </testcase>
  </testsuite>
  <testsuite name="Components tests helpers" errors="0" failures="0" skipped="0" timestamp="2020-06-29T09:20:55" time="3.398" tests="5">
    <testcase classname="Components tests helpers Dummy test" name="Components tests helpers Dummy test" time="0.641">
    </testcase>
    <testcase classname="FilterComponent Component is created" name="FilterComponent Component is created" time="0.394">
    </testcase>
    <testcase classname="FilterComponent clearRuleNameFilter" name="FilterComponent clearRuleNameFilter" time="0.14">
    </testcase>
    <testcase classname="FilterComponent ngOnInit" name="FilterComponent ngOnInit" time="0.31">
    </testcase>
    <testcase classname="FilterComponent toggleInheritedRules" name="FilterComponent toggleInheritedRules" time="0.215">
    </testcase>
  </testsuite>
  <testsuite name="Components tests helpers" errors="0" failures="0" skipped="0" timestamp="2020-06-29T09:20:55" time="3.776" tests="7">
    <testcase classname="Components tests helpers Dummy test" name="Components tests helpers Dummy test" time="0.646">
    </testcase>
    <testcase classname="RuleComponent Component is created" name="RuleComponent Component is created" time="0.387">
    </testcase>
    <testcase classname="RuleComponent breakable" name="RuleComponent breakable" time="0.157">
    </testcase>
    <testcase classname="RuleComponent editFile" name="RuleComponent editFile" time="0.237">
    </testcase>
    <testcase classname="RuleComponent formGroupControls" name="RuleComponent formGroupControls" time="0.208">
    </testcase>
    <testcase classname="RuleComponent ngOnInit" name="RuleComponent ngOnInit" time="0.195">
    </testcase>
    <testcase classname="RuleComponent openFile" name="RuleComponent openFile" time="0.122">
    </testcase>
  </testsuite>
  <testsuite name="VSCode extension" errors="0" failures="0" skipped="0" timestamp="2020-06-29T09:20:54" time="5.254" tests="5">
    <testcase classname="VSCode extension Smoke test" name="VSCode extension Smoke test" time="0.006">
    </testcase>
    <testcase classname="VSCode extension Correct HTML is produced at launch" name="VSCode extension Correct HTML is produced at launch" time="0.005">
    </testcase>
    <testcase classname="VSCode extension Extension reacts to messages from webview" name="VSCode extension Extension reacts to messages from webview" time="0.589">
    </testcase>
    <testcase classname="VSCode extension Extension can be disposed" name="VSCode extension Extension can be disposed" time="0.001">
    </testcase>
    <testcase classname="VSCode extension Extension names are normalized" name="VSCode extension Extension names are normalized" time="0.002">
    </testcase>
  </testsuite>
  <testsuite name="Components tests helpers" errors="0" failures="0" skipped="0" timestamp="2020-06-29T09:20:58" time="2.465" tests="5">
    <testcase classname="Components tests helpers Dummy test" name="Components tests helpers Dummy test" time="0.5">
    </testcase>
    <testcase classname="TabsComponent Component is created" name="TabsComponent Component is created" time="0.307">
    </testcase>
    <testcase classname="TabsComponent ngAfterViewChecked" name="TabsComponent ngAfterViewChecked" time="0.121">
    </testcase>
    <testcase classname="TabsComponent Plugin can be selected" name="TabsComponent Plugin can be selected" time="0.128">
    </testcase>
    <testcase classname="TabsComponent Plugins are partitioned into tabs and overflow dropdown" name="TabsComponent Plugins are partitioned into tabs and overflow dropdown" time="0.163">
    </testcase>
  </testsuite>
  <testsuite name="Components tests helpers" errors="0" failures="0" skipped="0" timestamp="2020-06-29T09:20:59" time="2.048" tests="4">
    <testcase classname="Components tests helpers Dummy test" name="Components tests helpers Dummy test" time="0.398">
    </testcase>
    <testcase classname="ParserOptionsComponent Component is created" name="ParserOptionsComponent Component is created" time="0.314">
    </testcase>
    <testcase classname="ParserOptionsComponent makeOptionsForSingleselector" name="ParserOptionsComponent makeOptionsForSingleselector" time="0.194">
    </testcase>
    <testcase classname="ParserOptionsComponent ngOnInit" name="ParserOptionsComponent ngOnInit" time="0.172">
    </testcase>
  </testsuite>
  <testsuite name="State tests helpers" errors="0" failures="0" skipped="0" timestamp="2020-06-29T09:20:59" time="2.307" tests="18">
    <testcase classname="State tests helpers Dummy test" name="State tests helpers Dummy test" time="0.003">
    </testcase>
    <testcase classname="FilesState FilesState is initialized" name="FilesState FilesState is initialized" time="0.202">
    </testcase>
    <testcase classname="FilesState package.json is properly parsed" name="FilesState package.json is properly parsed" time="0.101">
    </testcase>
    <testcase classname="FilesState ext/.eslintrc.js is properly parsed" name="FilesState ext/.eslintrc.js is properly parsed" time="0.055">
    </testcase>
    <testcase classname="FilesState /home/mflorence99/el-file/.eslintrc.json is parsed without rules" name="FilesState /home/mflorence99/el-file/.eslintrc.json is parsed without rules" time="0.079">
    </testcase>
    <testcase classname="FilesState /home/mflorence99/lintel/src/app/.eslintrc.yaml is properly parsed" name="FilesState /home/mflorence99/lintel/src/app/.eslintrc.yaml is properly parsed" time="0.059">
    </testcase>
    <testcase classname="FilesState completely /home/mflorence99/lintel/empty.json is properly parsed" name="FilesState completely /home/mflorence99/lintel/empty.json is properly parsed" time="0.089">
    </testcase>
    <testcase classname="FilesState /home/mflorence99/lintel/common-js.cjs is parsed but the config is empty" name="FilesState /home/mflorence99/lintel/common-js.cjs is parsed but the config is empty" time="0.102">
    </testcase>
    <testcase classname="FilesState /home/mflorence99/lintel/invalid.json is parsed but the config is null" name="FilesState /home/mflorence99/lintel/invalid.json is parsed but the config is null" time="0.081">
    </testcase>
    <testcase classname="FilesState config can be changed in package.json" name="FilesState config can be changed in package.json" time="0.077">
    </testcase>
    <testcase classname="FilesState rule can be changed in package.json" name="FilesState rule can be changed in package.json" time="0.082">
    </testcase>
    <testcase classname="FilesState config can be changed in /home/mflorence99/el-3270/.eslintrc.js" name="FilesState config can be changed in /home/mflorence99/el-3270/.eslintrc.js" time="0.08">
    </testcase>
    <testcase classname="FilesState rule can be changed in ext/.eslintrc.js" name="FilesState rule can be changed in ext/.eslintrc.js" time="0.079">
    </testcase>
    <testcase classname="FilesState config can be changed in /home/mflorence99/el-file/.eslintrc.json" name="FilesState config can be changed in /home/mflorence99/el-file/.eslintrc.json" time="0.067">
    </testcase>
    <testcase classname="FilesState rule can be changed in /home/mflorence99/el-file/.eslintrc.json" name="FilesState rule can be changed in /home/mflorence99/el-file/.eslintrc.json" time="0.077">
    </testcase>
    <testcase classname="FilesState config can be changed in /home/mflorence99/lintel/src/app/.eslintrc.yaml" name="FilesState config can be changed in /home/mflorence99/lintel/src/app/.eslintrc.yaml" time="0.088">
    </testcase>
    <testcase classname="FilesState rule can be changed in /home/mflorence99/lintel/src/app/.eslintrc.yaml" name="FilesState rule can be changed in /home/mflorence99/lintel/src/app/.eslintrc.yaml" time="0.092">
    </testcase>
    <testcase classname="FilesState rule can be deleted in /home/mflorence99/lintel/package.json" name="FilesState rule can be deleted in /home/mflorence99/lintel/package.json" time="0.087">
    </testcase>
  </testsuite>
  <testsuite name="Components tests helpers" errors="0" failures="0" skipped="0" timestamp="2020-06-29T09:21:00" time="1.445" tests="2">
    <testcase classname="Components tests helpers Dummy test" name="Components tests helpers Dummy test" time="0.276">
    </testcase>
    <testcase classname="ScrollerComponent Component is created" name="ScrollerComponent Component is created" time="0.238">
    </testcase>
  </testsuite>
  <testsuite name="RootPageComponent" errors="0" failures="0" skipped="0" timestamp="2020-06-29T09:21:00" time="2.092" tests="3">
    <testcase classname="RootPageComponent App is created" name="RootPageComponent App is created" time="0.585">
    </testcase>
    <testcase classname="RootPageComponent editFile" name="RootPageComponent editFile" time="0.15">
    </testcase>
    <testcase classname="RootPageComponent scrollToTop" name="RootPageComponent scrollToTop" time="0.085">
    </testcase>
  </testsuite>
  <testsuite name="State tests helpers" errors="0" failures="0" skipped="0" timestamp="2020-06-29T09:21:01" time="1.2" tests="4">
    <testcase classname="State tests helpers Dummy test" name="State tests helpers Dummy test" time="0.005">
    </testcase>
    <testcase classname="FilterState Rule name filter can be set" name="FilterState Rule name filter can be set" time="0.27">
    </testcase>
    <testcase classname="FilterState Empty data returned for non-matching filter" name="FilterState Empty data returned for non-matching filter" time="0.12">
    </testcase>
    <testcase classname="FilterState Inherited rules can be shown or hidden" name="FilterState Inherited rules can be shown or hidden" time="0.105">
    </testcase>
  </testsuite>
  <testsuite name="Components tests helpers" errors="0" failures="0" skipped="0" timestamp="2020-06-29T09:21:01" time="1.193" tests="1">
    <testcase classname="Components tests helpers Dummy test" name="Components tests helpers Dummy test" time="0.373">
    </testcase>
  </testsuite>
  <testsuite name="State tests helpers" errors="0" failures="0" skipped="0" timestamp="2020-06-29T09:21:02" time="0.812" tests="2">
    <testcase classname="State tests helpers Dummy test" name="State tests helpers Dummy test" time="0.004">
    </testcase>
    <testcase classname="SelectionState Selections can be made" name="SelectionState Selections can be made" time="0.126">
    </testcase>
  </testsuite>
  <testsuite name="State tests helpers" errors="0" failures="0" skipped="0" timestamp="2020-06-29T09:21:02" time="0.913" tests="3">
    <testcase classname="State tests helpers Dummy test" name="State tests helpers Dummy test" time="0.005">
    </testcase>
    <testcase classname="ExtensionsState ExtensionsState is initialized" name="ExtensionsState ExtensionsState is initialized" time="0.179">
    </testcase>
    <testcase classname="ExtensionsState Extensions can be changed via events" name="ExtensionsState Extensions can be changed via events" time="0.073">
    </testcase>
  </testsuite>
  <testsuite name="State tests helpers" errors="0" failures="0" skipped="0" timestamp="2020-06-29T09:21:02" time="0.664" tests="1">
    <testcase classname="State tests helpers Dummy test" name="State tests helpers Dummy test" time="0.003">
    </testcase>
  </testsuite>
  <testsuite name="State tests helpers" errors="0" failures="0" skipped="0" timestamp="2020-06-29T09:21:02" time="0.746" tests="2">
    <testcase classname="State tests helpers Dummy test" name="State tests helpers Dummy test" time="0.005">
    </testcase>
    <testcase classname="SchemaState SchemaState is initialized" name="SchemaState SchemaState is initialized" time="0.126">
    </testcase>
  </testsuite>
</testsuites>